<?xml version="1.0" encoding="UTF-8"?>
<testng-results ignored="0" total="2" passed="2" failed="0" skipped="0">
  <reporter-output>
  </reporter-output>
  <suite started-at="2020-02-10T19:25:11Z" name="InetBanking_V1" finished-at="2020-02-10T19:26:02Z" duration-ms="51245">
    <groups>
    </groups>
    <test started-at="2020-02-10T19:25:11Z" name="banking" finished-at="2020-02-10T19:26:02Z" duration-ms="51245">
      <class name="pom.InetBanking_testcases.TC_AddCustomertest_003">
        <test-method is-config="true" signature="setup(java.lang.String)[pri:0, instance:pom.InetBanking_testcases.TC_AddCustomertest_003@f8c1ddd]" started-at="2020-02-10T19:25:32Z" name="setup" finished-at="2020-02-10T19:25:45Z" duration-ms="13090" status="PASS">
          <params>
            <param index="0">
              <value>
                <![CDATA[chrome]]>
              </value>
            </param>
          </params>
          <reporter-output>
          </reporter-output>
        </test-method> <!-- setup -->
        <test-method signature="addnewcustomer()[pri:0, instance:pom.InetBanking_testcases.TC_AddCustomertest_003@f8c1ddd]" started-at="2020-02-10T19:25:45Z" name="addnewcustomer" finished-at="2020-02-10T19:26:02Z" duration-ms="16097" status="PASS">
          <reporter-output>
          </reporter-output>
        </test-method> <!-- addnewcustomer -->
        <test-method is-config="true" signature="tearDown()[pri:0, instance:pom.InetBanking_testcases.TC_AddCustomertest_003@f8c1ddd]" started-at="2020-02-10T19:26:02Z" name="tearDown" finished-at="2020-02-10T19:26:02Z" duration-ms="740" status="PASS">
          <reporter-output>
          </reporter-output>
        </test-method> <!-- tearDown -->
      </class> <!-- pom.InetBanking_testcases.TC_AddCustomertest_003 -->
      <class name="pom.InetBanking_testcases.TC_loginTest_001">
        <test-method is-config="true" signature="setup(java.lang.String)[pri:0, instance:pom.InetBanking_testcases.TC_loginTest_001@7fc2413d]" started-at="2020-02-10T19:25:11Z" name="setup" finished-at="2020-02-10T19:25:28Z" duration-ms="16864" status="PASS">
          <params>
            <param index="0">
              <value>
                <![CDATA[chrome]]>
              </value>
            </param>
          </params>
          <reporter-output>
          </reporter-output>
        </test-method> <!-- setup -->
        <test-method signature="loginTest()[pri:0, instance:pom.InetBanking_testcases.TC_loginTest_001@7fc2413d]" started-at="2020-02-10T19:25:28Z" name="loginTest" finished-at="2020-02-10T19:25:31Z" duration-ms="3119" status="PASS">
          <reporter-output>
          </reporter-output>
        </test-method> <!-- loginTest -->
        <test-method is-config="true" signature="tearDown()[pri:0, instance:pom.InetBanking_testcases.TC_loginTest_001@7fc2413d]" started-at="2020-02-10T19:25:31Z" name="tearDown" finished-at="2020-02-10T19:25:32Z" duration-ms="1163" status="PASS">
          <reporter-output>
          </reporter-output>
        </test-method> <!-- tearDown -->
      </class> <!-- pom.InetBanking_testcases.TC_loginTest_001 -->
    </test> <!-- banking -->
  </suite> <!-- InetBanking_V1 -->
</testng-results>
