<?xml version="1.0" encoding="UTF-8"?>
<testng-results ignored="0" total="2" passed="2" failed="0" skipped="0">
  <reporter-output>
  </reporter-output>
  <suite started-at="2020-02-10T22:21:37Z" name="InetBanking_V1" finished-at="2020-02-10T22:22:19Z" duration-ms="41933">
    <groups>
    </groups>
    <test started-at="2020-02-10T22:21:37Z" name="banking" finished-at="2020-02-10T22:22:19Z" duration-ms="41933">
      <class name="pom.InetBanking_testcases.TC_AddCustomertest_003">
        <test-method is-config="true" signature="setup(java.lang.String)[pri:0, instance:pom.InetBanking_testcases.TC_AddCustomertest_003@140e5a13]" started-at="2020-02-10T22:21:53Z" name="setup" finished-at="2020-02-10T22:22:04Z" duration-ms="11269" status="PASS">
          <params>
            <param index="0">
              <value>
                <![CDATA[chrome]]>
              </value>
            </param>
          </params>
          <reporter-output>
          </reporter-output>
        </test-method> <!-- setup -->
        <test-method signature="addnewcustomer()[pri:0, instance:pom.InetBanking_testcases.TC_AddCustomertest_003@140e5a13]" started-at="2020-02-10T22:22:04Z" name="addnewcustomer" finished-at="2020-02-10T22:22:19Z" duration-ms="14429" status="PASS">
          <reporter-output>
          </reporter-output>
        </test-method> <!-- addnewcustomer -->
        <test-method is-config="true" signature="tearDown()[pri:0, instance:pom.InetBanking_testcases.TC_AddCustomertest_003@140e5a13]" started-at="2020-02-10T22:22:19Z" name="tearDown" finished-at="2020-02-10T22:22:19Z" duration-ms="776" status="PASS">
          <reporter-output>
          </reporter-output>
        </test-method> <!-- tearDown -->
      </class> <!-- pom.InetBanking_testcases.TC_AddCustomertest_003 -->
      <class name="pom.InetBanking_testcases.TC_loginTest_001">
        <test-method is-config="true" signature="setup(java.lang.String)[pri:0, instance:pom.InetBanking_testcases.TC_loginTest_001@60438a68]" started-at="2020-02-10T22:21:37Z" name="setup" finished-at="2020-02-10T22:21:50Z" duration-ms="12759" status="PASS">
          <params>
            <param index="0">
              <value>
                <![CDATA[chrome]]>
              </value>
            </param>
          </params>
          <reporter-output>
          </reporter-output>
        </test-method> <!-- setup -->
        <test-method signature="loginTest()[pri:0, instance:pom.InetBanking_testcases.TC_loginTest_001@60438a68]" started-at="2020-02-10T22:21:50Z" name="loginTest" finished-at="2020-02-10T22:21:52Z" duration-ms="1903" status="PASS">
          <reporter-output>
          </reporter-output>
        </test-method> <!-- loginTest -->
        <test-method is-config="true" signature="tearDown()[pri:0, instance:pom.InetBanking_testcases.TC_loginTest_001@60438a68]" started-at="2020-02-10T22:21:52Z" name="tearDown" finished-at="2020-02-10T22:21:53Z" duration-ms="752" status="PASS">
          <reporter-output>
          </reporter-output>
        </test-method> <!-- tearDown -->
      </class> <!-- pom.InetBanking_testcases.TC_loginTest_001 -->
    </test> <!-- banking -->
  </suite> <!-- InetBanking_V1 -->
</testng-results>
