<?xml version="1.0" encoding="UTF-8"?>
<!-- Generated by org.testng.reporters.JUnitXMLReporter -->
<testsuite ignored="0" hostname="LAPTOP-MP6OLACU" failures="0" tests="4" name="Default test" time="111.895" errors="0" timestamp="27 Jan 2020 23:16:56 GMT">
  <testcase classname="parameterizationtestNG.dataproviderDemo" name="calculate" time="1.142"/>
  <testcase classname="parameterizationtestNG.dataproviderDemo" name="calculate" time="0.836"/>
  <testcase classname="parameterizationtestNG.dataproviderDemo" name="calculate" time="0.894"/>
  <testcase classname="parameterizationtestNG.dataproviderDemo" name="calculate" time="0.948"/>
</testsuite> <!-- Default test -->
