<?xml version="1.0" encoding="UTF-8"?>
<!-- Generated by org.testng.reporters.JUnitXMLReporter -->
<testsuite ignored="0" hostname="LAPTOP-MP6OLACU" failures="0" tests="5" name="Sanity" time="0.09" errors="0" timestamp="21 Jan 2020 03:22:38 GMT">
  <testcase classname="SanityTestSuite.LoginTest" name="loginByFacebook" time="0.012"/>
  <testcase classname="SanityTestSuite.LoginTest" name="loginByTwitter" time="0.0"/>
  <testcase classname="SanityTestSuite.LoginTest" name="loginMail" time="0.004"/>
  <testcase classname="SanityTestSuite.PaymentTest" name="paymentinDollar" time="0.0"/>
  <testcase classname="SanityTestSuite.PaymentTest" name="paymentinRupees" time="0.0"/>
</testsuite> <!-- Sanity -->
