<?xml version="1.0" encoding="UTF-8"?>
<testng-results ignored="0" total="4" passed="4" failed="0" skipped="0">
  <reporter-output>
  </reporter-output>
  <suite started-at="2020-01-27T23:15:04Z" name="Default suite" finished-at="2020-01-27T23:16:56Z" duration-ms="111895">
    <groups>
    </groups>
    <test started-at="2020-01-27T23:15:04Z" name="Default test" finished-at="2020-01-27T23:16:56Z" duration-ms="111895">
      <class name="parameterizationtestNG.dataproviderDemo">
        <test-method is-config="true" signature="setUp()[pri:0, instance:parameterizationtestNG.dataproviderDemo@1e730495]" started-at="2020-01-27T23:15:05Z" name="setUp" finished-at="2020-01-27T23:15:34Z" duration-ms="28580" status="PASS">
          <reporter-output>
          </reporter-output>
        </test-method> <!-- setUp -->
        <test-method signature="calculate(int, int, int, java.lang.String)[pri:0, instance:parameterizationtestNG.dataproviderDemo@1e730495]" started-at="2020-01-27T23:15:34Z" name="calculate" data-provider="getdata" finished-at="2020-01-27T23:15:35Z" duration-ms="1142" status="PASS">
          <params>
            <param index="0">
              <value>
                <![CDATA[20000]]>
              </value>
            </param>
            <param index="1">
              <value>
                <![CDATA[10]]>
              </value>
            </param>
            <param index="2">
              <value>
                <![CDATA[2]]>
              </value>
            </param>
            <param index="3">
              <value>
                <![CDATA[Simple Interest]]>
              </value>
            </param>
          </params>
          <reporter-output>
          </reporter-output>
        </test-method> <!-- calculate -->
        <test-method is-config="true" signature="teardown()[pri:0, instance:parameterizationtestNG.dataproviderDemo@1e730495]" started-at="2020-01-27T23:15:35Z" name="teardown" finished-at="2020-01-27T23:15:35Z" duration-ms="248" status="PASS">
          <reporter-output>
          </reporter-output>
        </test-method> <!-- teardown -->
        <test-method is-config="true" signature="setUp()[pri:0, instance:parameterizationtestNG.dataproviderDemo@1e730495]" started-at="2020-01-27T23:15:35Z" name="setUp" finished-at="2020-01-27T23:16:03Z" duration-ms="27964" status="PASS">
          <reporter-output>
          </reporter-output>
        </test-method> <!-- setUp -->
        <test-method signature="calculate(int, int, int, java.lang.String)[pri:0, instance:parameterizationtestNG.dataproviderDemo@1e730495]" started-at="2020-01-27T23:16:03Z" name="calculate" data-provider="getdata" finished-at="2020-01-27T23:16:04Z" duration-ms="836" status="PASS">
          <params>
            <param index="0">
              <value>
                <![CDATA[40000]]>
              </value>
            </param>
            <param index="1">
              <value>
                <![CDATA[5]]>
              </value>
            </param>
            <param index="2">
              <value>
                <![CDATA[3]]>
              </value>
            </param>
            <param index="3">
              <value>
                <![CDATA[Simple Interest]]>
              </value>
            </param>
          </params>
          <reporter-output>
          </reporter-output>
        </test-method> <!-- calculate -->
        <test-method is-config="true" signature="teardown()[pri:0, instance:parameterizationtestNG.dataproviderDemo@1e730495]" started-at="2020-01-27T23:16:04Z" name="teardown" finished-at="2020-01-27T23:16:04Z" duration-ms="207" status="PASS">
          <reporter-output>
          </reporter-output>
        </test-method> <!-- teardown -->
        <test-method is-config="true" signature="setUp()[pri:0, instance:parameterizationtestNG.dataproviderDemo@1e730495]" started-at="2020-01-27T23:16:04Z" name="setUp" finished-at="2020-01-27T23:16:29Z" duration-ms="24924" status="PASS">
          <reporter-output>
          </reporter-output>
        </test-method> <!-- setUp -->
        <test-method signature="calculate(int, int, int, java.lang.String)[pri:0, instance:parameterizationtestNG.dataproviderDemo@1e730495]" started-at="2020-01-27T23:16:29Z" name="calculate" data-provider="getdata" finished-at="2020-01-27T23:16:30Z" duration-ms="894" status="PASS">
          <params>
            <param index="0">
              <value>
                <![CDATA[50000]]>
              </value>
            </param>
            <param index="1">
              <value>
                <![CDATA[15]]>
              </value>
            </param>
            <param index="2">
              <value>
                <![CDATA[5]]>
              </value>
            </param>
            <param index="3">
              <value>
                <![CDATA[Simple Interest]]>
              </value>
            </param>
          </params>
          <reporter-output>
          </reporter-output>
        </test-method> <!-- calculate -->
        <test-method is-config="true" signature="teardown()[pri:0, instance:parameterizationtestNG.dataproviderDemo@1e730495]" started-at="2020-01-27T23:16:30Z" name="teardown" finished-at="2020-01-27T23:16:30Z" duration-ms="229" status="PASS">
          <reporter-output>
          </reporter-output>
        </test-method> <!-- teardown -->
        <test-method is-config="true" signature="setUp()[pri:0, instance:parameterizationtestNG.dataproviderDemo@1e730495]" started-at="2020-01-27T23:16:30Z" name="setUp" finished-at="2020-01-27T23:16:55Z" duration-ms="24948" status="PASS">
          <reporter-output>
          </reporter-output>
        </test-method> <!-- setUp -->
        <test-method signature="calculate(int, int, int, java.lang.String)[pri:0, instance:parameterizationtestNG.dataproviderDemo@1e730495]" started-at="2020-01-27T23:16:55Z" name="calculate" data-provider="getdata" finished-at="2020-01-27T23:16:56Z" duration-ms="948" status="PASS">
          <params>
            <param index="0">
              <value>
                <![CDATA[40000]]>
              </value>
            </param>
            <param index="1">
              <value>
                <![CDATA[8]]>
              </value>
            </param>
            <param index="2">
              <value>
                <![CDATA[6]]>
              </value>
            </param>
            <param index="3">
              <value>
                <![CDATA[Simple Interest]]>
              </value>
            </param>
          </params>
          <reporter-output>
          </reporter-output>
        </test-method> <!-- calculate -->
        <test-method is-config="true" signature="teardown()[pri:0, instance:parameterizationtestNG.dataproviderDemo@1e730495]" started-at="2020-01-27T23:16:56Z" name="teardown" finished-at="2020-01-27T23:16:56Z" duration-ms="260" status="PASS">
          <reporter-output>
          </reporter-output>
        </test-method> <!-- teardown -->
      </class> <!-- parameterizationtestNG.dataproviderDemo -->
    </test> <!-- Default test -->
  </suite> <!-- Default suite -->
</testng-results>
