<?xml version="1.0" encoding="UTF-8"?>
<testng-results ignored="0" total="2" passed="2" failed="0" skipped="0">
  <reporter-output>
  </reporter-output>
  <suite started-at="2019-12-27T00:55:24Z" name="testNG.testcases.NewTest" finished-at="2019-12-27T00:55:38Z" duration-ms="14373">
    <groups>
    </groups>
    <test started-at="2019-12-27T00:55:24Z" name="Command line test" finished-at="2019-12-27T00:55:38Z" duration-ms="14373">
      <class name="testNG.testcases.NewTest">
        <test-method is-config="true" signature="setup()[pri:0, instance:testNG.testcases.NewTest@27f723]" started-at="2019-12-27T00:55:24Z" name="setup" finished-at="2019-12-27T00:55:30Z" duration-ms="6143" status="PASS">
          <reporter-output>
          </reporter-output>
        </test-method> <!-- setup -->
        <test-method is-config="true" signature="verifyTitle()[pri:0, instance:testNG.testcases.NewTest@27f723]" started-at="2019-12-27T00:55:30Z" name="verifyTitle" finished-at="2019-12-27T00:55:31Z" duration-ms="1284" status="PASS">
          <reporter-output>
          </reporter-output>
        </test-method> <!-- verifyTitle -->
        <test-method signature="supportTitle()[pri:0, instance:testNG.testcases.NewTest@27f723]" started-at="2019-12-27T00:55:31Z" name="supportTitle" finished-at="2019-12-27T00:55:32Z" duration-ms="680" status="PASS">
          <reporter-output>
          </reporter-output>
        </test-method> <!-- supportTitle -->
        <test-method is-config="true" signature="goHomePage()[pri:0, instance:testNG.testcases.NewTest@27f723]" started-at="2019-12-27T00:55:32Z" name="goHomePage" finished-at="2019-12-27T00:55:32Z" duration-ms="401" status="PASS">
          <reporter-output>
          </reporter-output>
        </test-method> <!-- goHomePage -->
        <test-method is-config="true" signature="verifyTitle()[pri:0, instance:testNG.testcases.NewTest@27f723]" started-at="2019-12-27T00:55:32Z" name="verifyTitle" finished-at="2019-12-27T00:55:33Z" duration-ms="551" status="PASS">
          <reporter-output>
          </reporter-output>
        </test-method> <!-- verifyTitle -->
        <test-method signature="registerTitle()[pri:1, instance:testNG.testcases.NewTest@27f723]" started-at="2019-12-27T00:55:33Z" name="registerTitle" finished-at="2019-12-27T00:55:37Z" duration-ms="3729" status="PASS">
          <reporter-output>
          </reporter-output>
        </test-method> <!-- registerTitle -->
        <test-method is-config="true" signature="goHomePage()[pri:0, instance:testNG.testcases.NewTest@27f723]" started-at="2019-12-27T00:55:37Z" name="goHomePage" finished-at="2019-12-27T00:55:37Z" duration-ms="414" status="PASS">
          <reporter-output>
          </reporter-output>
        </test-method> <!-- goHomePage -->
        <test-method is-config="true" signature="teardown()[pri:0, instance:testNG.testcases.NewTest@27f723]" started-at="2019-12-27T00:55:37Z" name="teardown" finished-at="2019-12-27T00:55:38Z" duration-ms="1145" status="PASS">
          <reporter-output>
          </reporter-output>
        </test-method> <!-- teardown -->
      </class> <!-- testNG.testcases.NewTest -->
    </test> <!-- Command line test -->
  </suite> <!-- testNG.testcases.NewTest -->
</testng-results>
