<?xml version="1.0" encoding="UTF-8"?>
<!-- Generated by org.testng.reporters.JUnitXMLReporter -->
<testsuite ignored="2" hostname="LAPTOP-MP6OLACU" failures="0" tests="3" name="Test" time="9.382" errors="0" timestamp="27 Dec 2019 14:01:29 GMT">
  <testcase classname="testNG.testcases.guru99_TC_Class1" name="tc00Setup" time="7.192"/>
  <testcase classname="testNG.testcases.guru99_TC_Class1" name="tc02EnterCredentials" time="2.019"/>
  <testcase classname="testNG.testcases.guru99_TC_Class1" name="tc03VerifyLoggedin" time="0.121"/>
  <testcase classname="testNG.testcases.guru99_TC_Class1" name="tc04VerifyLinks" time="0.0">
    <ignored/>
  </testcase> <!-- tc04VerifyLinks -->
  <testcase classname="testNG.testcases.guru99_TC_Class1" name="tc01LaunchUrl" time="0.0">
    <ignored/>
  </testcase> <!-- tc01LaunchUrl -->
</testsuite> <!-- Test -->
